<?xml version="1.0" encoding="UTF-8"?>
<!-- Generated by org.testng.reporters.JUnitXMLReporter -->
<testsuite hostname="IN5CD6411J9Y" ignored="0" name="Test" tests="1" failures="1" timestamp="21 Jan 2020 07:54:44 GMT" time="55.086" errors="0">
  <testcase name="testCreateCustome" time="25.306" classname="com.actitime.test.CustomerModule">
    <failure type="java.lang.AssertionError" message="expected [HDFC_001] but found [All Customers]">
      <![CDATA[java.lang.AssertionError: expected [HDFC_001] but found [All Customers]
at com.actitime.test.CustomerModule.testCreateCustome(CustomerModule.java:42)
... Removed 31 stack frames]]>
    </failure>
  </testcase> <!-- testCreateCustome -->
</testsuite> <!-- Test -->
